<?xml version="1.0" encoding="UTF-8"?>
<!-- Generated by org.testng.reporters.JUnitReportReporter -->
<testsuite skipped="0" hostname="asda0077" name="com.qait.automationtest.test2.test2_main" tests="1" failures="0" timestamp="09 Jul 2018 08:08:00 GMT" time="1.192" errors="0">
  <testcase name="broken_images" time="1.192" classname="com.qait.automationtest.test2.test2_main"/>
</testsuite> <!-- com.qait.automationtest.test2.test2_main -->
